16-May-2024 04:03:12.886 INFO [main] org.apache.catalina.startup.VersionLoggerListener.log Server version name:   Apache Tomcat/10.1.24
16-May-2024 04:03:12.888 INFO [main] org.apache.catalina.startup.VersionLoggerListener.log Server built:          May 9 2024 17:41:23 UTC
16-May-2024 04:03:12.888 INFO [main] org.apache.catalina.startup.VersionLoggerListener.log Server version number: 10.1.24.0
16-May-2024 04:03:12.888 INFO [main] org.apache.catalina.startup.VersionLoggerListener.log OS Name:               Mac OS X
16-May-2024 04:03:12.888 INFO [main] org.apache.catalina.startup.VersionLoggerListener.log OS Version:            13.4
16-May-2024 04:03:12.888 INFO [main] org.apache.catalina.startup.VersionLoggerListener.log Architecture:          aarch64
16-May-2024 04:03:12.888 INFO [main] org.apache.catalina.startup.VersionLoggerListener.log Java Home:             /Users/kimjaejun/Library/Java/JavaVirtualMachines/corretto-17.0.9/Contents/Home
16-May-2024 04:03:12.888 INFO [main] org.apache.catalina.startup.VersionLoggerListener.log JVM Version:           17.0.9+8-LTS
16-May-2024 04:03:12.889 INFO [main] org.apache.catalina.startup.VersionLoggerListener.log JVM Vendor:            Amazon.com Inc.
16-May-2024 04:03:12.889 INFO [main] org.apache.catalina.startup.VersionLoggerListener.log CATALINA_BASE:         /Users/kimjaejun/workspace/spring-practices/spring-tomcat-install/tomcat
16-May-2024 04:03:12.889 INFO [main] org.apache.catalina.startup.VersionLoggerListener.log CATALINA_HOME:         /Users/kimjaejun/workspace/spring-practices/spring-tomcat-install/tomcat
16-May-2024 04:03:12.896 INFO [main] org.apache.catalina.startup.VersionLoggerListener.log Command line argument: -Djava.util.logging.config.file=/Users/kimjaejun/workspace/spring-practices/spring-tomcat-install/tomcat/conf/logging.properties
16-May-2024 04:03:12.896 INFO [main] org.apache.catalina.startup.VersionLoggerListener.log Command line argument: -Djava.util.logging.manager=org.apache.juli.ClassLoaderLogManager
16-May-2024 04:03:12.896 INFO [main] org.apache.catalina.startup.VersionLoggerListener.log Command line argument: -Djdk.tls.ephemeralDHKeySize=2048
16-May-2024 04:03:12.896 INFO [main] org.apache.catalina.startup.VersionLoggerListener.log Command line argument: -Djava.protocol.handler.pkgs=org.apache.catalina.webresources
16-May-2024 04:03:12.896 INFO [main] org.apache.catalina.startup.VersionLoggerListener.log Command line argument: -Dorg.apache.catalina.security.SecurityListener.UMASK=0027
16-May-2024 04:03:12.896 INFO [main] org.apache.catalina.startup.VersionLoggerListener.log Command line argument: --add-opens=java.base/java.lang=ALL-UNNAMED
16-May-2024 04:03:12.896 INFO [main] org.apache.catalina.startup.VersionLoggerListener.log Command line argument: --add-opens=java.base/java.io=ALL-UNNAMED
16-May-2024 04:03:12.896 INFO [main] org.apache.catalina.startup.VersionLoggerListener.log Command line argument: --add-opens=java.base/java.util=ALL-UNNAMED
16-May-2024 04:03:12.896 INFO [main] org.apache.catalina.startup.VersionLoggerListener.log Command line argument: --add-opens=java.base/java.util.concurrent=ALL-UNNAMED
16-May-2024 04:03:12.896 INFO [main] org.apache.catalina.startup.VersionLoggerListener.log Command line argument: --add-opens=java.rmi/sun.rmi.transport=ALL-UNNAMED
16-May-2024 04:03:12.896 INFO [main] org.apache.catalina.startup.VersionLoggerListener.log Command line argument: -Dcatalina.base=/Users/kimjaejun/workspace/spring-practices/spring-tomcat-install/tomcat
16-May-2024 04:03:12.896 INFO [main] org.apache.catalina.startup.VersionLoggerListener.log Command line argument: -Dcatalina.home=/Users/kimjaejun/workspace/spring-practices/spring-tomcat-install/tomcat
16-May-2024 04:03:12.896 INFO [main] org.apache.catalina.startup.VersionLoggerListener.log Command line argument: -Djava.io.tmpdir=/Users/kimjaejun/workspace/spring-practices/spring-tomcat-install/tomcat/temp
16-May-2024 04:03:12.900 INFO [main] org.apache.catalina.core.AprLifecycleListener.lifecycleEvent The Apache Tomcat Native library which allows using OpenSSL was not found on the java.library.path: [/Users/kimjaejun/Library/Java/Extensions:/Library/Java/Extensions:/Network/Library/Java/Extensions:/System/Library/Java/Extensions:/usr/lib/java:.]
16-May-2024 04:03:13.011 INFO [main] org.apache.coyote.AbstractProtocol.init Initializing ProtocolHandler ["http-nio-8080"]
16-May-2024 04:03:13.027 INFO [main] org.apache.catalina.startup.Catalina.load Server initialization in [222] milliseconds
16-May-2024 04:03:13.044 INFO [main] org.apache.catalina.core.StandardService.startInternal Starting service [Catalina]
16-May-2024 04:03:13.044 INFO [main] org.apache.catalina.core.StandardEngine.startInternal Starting Servlet engine: [Apache Tomcat/10.1.24]
16-May-2024 04:03:13.047 INFO [main] org.apache.catalina.startup.HostConfig.deployDirectory Deploying web application directory [/Users/kimjaejun/workspace/spring-practices/spring-tomcat-install/tomcat/webapps/docs]
16-May-2024 04:03:13.168 INFO [main] org.apache.catalina.startup.HostConfig.deployDirectory Deployment of web application directory [/Users/kimjaejun/workspace/spring-practices/spring-tomcat-install/tomcat/webapps/docs] has finished in [121] ms
16-May-2024 04:03:13.168 INFO [main] org.apache.catalina.startup.HostConfig.deployDirectory Deploying web application directory [/Users/kimjaejun/workspace/spring-practices/spring-tomcat-install/tomcat/webapps/manager]
16-May-2024 04:03:13.181 INFO [main] org.apache.catalina.startup.HostConfig.deployDirectory Deployment of web application directory [/Users/kimjaejun/workspace/spring-practices/spring-tomcat-install/tomcat/webapps/manager] has finished in [13] ms
16-May-2024 04:03:13.182 INFO [main] org.apache.catalina.startup.HostConfig.deployDirectory Deploying web application directory [/Users/kimjaejun/workspace/spring-practices/spring-tomcat-install/tomcat/webapps/examples]
16-May-2024 04:03:13.290 INFO [main] org.apache.catalina.startup.HostConfig.deployDirectory Deployment of web application directory [/Users/kimjaejun/workspace/spring-practices/spring-tomcat-install/tomcat/webapps/examples] has finished in [108] ms
16-May-2024 04:03:13.290 INFO [main] org.apache.catalina.startup.HostConfig.deployDirectory Deploying web application directory [/Users/kimjaejun/workspace/spring-practices/spring-tomcat-install/tomcat/webapps/ROOT]
16-May-2024 04:03:13.297 INFO [main] org.apache.catalina.startup.HostConfig.deployDirectory Deployment of web application directory [/Users/kimjaejun/workspace/spring-practices/spring-tomcat-install/tomcat/webapps/ROOT] has finished in [7] ms
16-May-2024 04:03:13.297 INFO [main] org.apache.catalina.startup.HostConfig.deployDirectory Deploying web application directory [/Users/kimjaejun/workspace/spring-practices/spring-tomcat-install/tomcat/webapps/host-manager]
16-May-2024 04:03:13.305 INFO [main] org.apache.catalina.startup.HostConfig.deployDirectory Deployment of web application directory [/Users/kimjaejun/workspace/spring-practices/spring-tomcat-install/tomcat/webapps/host-manager] has finished in [8] ms
16-May-2024 04:03:13.306 INFO [main] org.apache.coyote.AbstractProtocol.start Starting ProtocolHandler ["http-nio-8080"]
16-May-2024 04:03:13.312 INFO [main] org.apache.catalina.startup.Catalina.start Server startup in [285] milliseconds
16-May-2024 04:03:33.028 INFO [main] org.apache.catalina.core.StandardServer.await A valid shutdown command was received via the shutdown port. Stopping the Server instance.
16-May-2024 04:03:33.031 INFO [main] org.apache.coyote.AbstractProtocol.pause Pausing ProtocolHandler ["http-nio-8080"]
16-May-2024 04:03:33.034 INFO [main] org.apache.catalina.core.StandardService.stopInternal Stopping service [Catalina]
16-May-2024 04:03:33.047 INFO [main] org.apache.coyote.AbstractProtocol.stop Stopping ProtocolHandler ["http-nio-8080"]
16-May-2024 04:03:33.057 INFO [main] org.apache.coyote.AbstractProtocol.destroy Destroying ProtocolHandler ["http-nio-8080"]
